0 info it worked if it ends with ok
1 verbose cli [ 'D:\\Program Files\\nodejs\\node.exe',
1 verbose cli   'D:\\Program Files\\nodejs\\node_modules\\npm\\bin\\npm-cli.js',
1 verbose cli   'install',
1 verbose cli   '--registry=https://registry.npm.taobao.org' ]
2 info using npm@3.10.8
3 info using node@v6.9.1
4 silly loadCurrentTree Starting
5 silly install loadCurrentTree
6 silly install readLocalPackageData
7 silly install normalizeTree
8 silly loadCurrentTree Finishing
9 silly loadIdealTree Starting
10 silly install loadIdealTree
11 silly cloneCurrentTree Starting
12 silly install cloneCurrentTreeToIdealTree
13 silly cloneCurrentTree Finishing
14 silly loadShrinkwrap Starting
15 silly install loadShrinkwrap
16 silly loadShrinkwrap Finishing
17 silly loadAllDepsIntoIdealTree Starting
18 silly install loadAllDepsIntoIdealTree
19 silly fetchNamedPackageData axios
20 silly mapToRegistry name axios
21 silly mapToRegistry using default registry
22 silly mapToRegistry registry https://registry.npm.taobao.org/
23 silly mapToRegistry data Result {
23 silly mapToRegistry   raw: 'axios',
23 silly mapToRegistry   scope: null,
23 silly mapToRegistry   escapedName: 'axios',
23 silly mapToRegistry   name: 'axios',
23 silly mapToRegistry   rawSpec: '',
23 silly mapToRegistry   spec: 'latest',
23 silly mapToRegistry   type: 'tag' }
24 silly mapToRegistry uri https://registry.npm.taobao.org/axios
25 silly fetchNamedPackageData jquery
26 silly mapToRegistry name jquery
27 silly mapToRegistry using default registry
28 silly mapToRegistry registry https://registry.npm.taobao.org/
29 silly mapToRegistry data Result {
29 silly mapToRegistry   raw: 'jquery',
29 silly mapToRegistry   scope: null,
29 silly mapToRegistry   escapedName: 'jquery',
29 silly mapToRegistry   name: 'jquery',
29 silly mapToRegistry   rawSpec: '',
29 silly mapToRegistry   spec: 'latest',
29 silly mapToRegistry   type: 'tag' }
30 silly mapToRegistry uri https://registry.npm.taobao.org/jquery
31 silly fetchNamedPackageData v-distpicker
32 silly mapToRegistry name v-distpicker
33 silly mapToRegistry using default registry
34 silly mapToRegistry registry https://registry.npm.taobao.org/
35 silly mapToRegistry data Result {
35 silly mapToRegistry   raw: 'v-distpicker',
35 silly mapToRegistry   scope: null,
35 silly mapToRegistry   escapedName: 'v-distpicker',
35 silly mapToRegistry   name: 'v-distpicker',
35 silly mapToRegistry   rawSpec: '',
35 silly mapToRegistry   spec: 'latest',
35 silly mapToRegistry   type: 'tag' }
36 silly mapToRegistry uri https://registry.npm.taobao.org/v-distpicker
37 silly fetchNamedPackageData vue
38 silly mapToRegistry name vue
39 silly mapToRegistry using default registry
40 silly mapToRegistry registry https://registry.npm.taobao.org/
41 silly mapToRegistry data Result {
41 silly mapToRegistry   raw: 'vue',
41 silly mapToRegistry   scope: null,
41 silly mapToRegistry   escapedName: 'vue',
41 silly mapToRegistry   name: 'vue',
41 silly mapToRegistry   rawSpec: '',
41 silly mapToRegistry   spec: 'latest',
41 silly mapToRegistry   type: 'tag' }
42 silly mapToRegistry uri https://registry.npm.taobao.org/vue
43 silly fetchNamedPackageData vue-awesome-swiper
44 silly mapToRegistry name vue-awesome-swiper
45 silly mapToRegistry using default registry
46 silly mapToRegistry registry https://registry.npm.taobao.org/
47 silly mapToRegistry data Result {
47 silly mapToRegistry   raw: 'vue-awesome-swiper',
47 silly mapToRegistry   scope: null,
47 silly mapToRegistry   escapedName: 'vue-awesome-swiper',
47 silly mapToRegistry   name: 'vue-awesome-swiper',
47 silly mapToRegistry   rawSpec: '',
47 silly mapToRegistry   spec: 'latest',
47 silly mapToRegistry   type: 'tag' }
48 silly mapToRegistry uri https://registry.npm.taobao.org/vue-awesome-swiper
49 silly fetchNamedPackageData vue-date
50 silly mapToRegistry name vue-date
51 silly mapToRegistry using default registry
52 silly mapToRegistry registry https://registry.npm.taobao.org/
53 silly mapToRegistry data Result {
53 silly mapToRegistry   raw: 'vue-date',
53 silly mapToRegistry   scope: null,
53 silly mapToRegistry   escapedName: 'vue-date',
53 silly mapToRegistry   name: 'vue-date',
53 silly mapToRegistry   rawSpec: '',
53 silly mapToRegistry   spec: 'latest',
53 silly mapToRegistry   type: 'tag' }
54 silly mapToRegistry uri https://registry.npm.taobao.org/vue-date
55 silly fetchNamedPackageData vue-router
56 silly mapToRegistry name vue-router
57 silly mapToRegistry using default registry
58 silly mapToRegistry registry https://registry.npm.taobao.org/
59 silly mapToRegistry data Result {
59 silly mapToRegistry   raw: 'vue-router',
59 silly mapToRegistry   scope: null,
59 silly mapToRegistry   escapedName: 'vue-router',
59 silly mapToRegistry   name: 'vue-router',
59 silly mapToRegistry   rawSpec: '',
59 silly mapToRegistry   spec: 'latest',
59 silly mapToRegistry   type: 'tag' }
60 silly mapToRegistry uri https://registry.npm.taobao.org/vue-router
61 silly fetchNamedPackageData vuex
62 silly mapToRegistry name vuex
63 silly mapToRegistry using default registry
64 silly mapToRegistry registry https://registry.npm.taobao.org/
65 silly mapToRegistry data Result {
65 silly mapToRegistry   raw: 'vuex',
65 silly mapToRegistry   scope: null,
65 silly mapToRegistry   escapedName: 'vuex',
65 silly mapToRegistry   name: 'vuex',
65 silly mapToRegistry   rawSpec: '',
65 silly mapToRegistry   spec: 'latest',
65 silly mapToRegistry   type: 'tag' }
66 silly mapToRegistry uri https://registry.npm.taobao.org/vuex
67 verbose request uri https://registry.npm.taobao.org/axios
68 verbose request no auth needed
69 info attempt registry request try #1 at 22:41:37
70 verbose request id 8e7a0c9678fcc846
71 http request GET https://registry.npm.taobao.org/axios
72 verbose request uri https://registry.npm.taobao.org/jquery
73 verbose request no auth needed
74 info attempt registry request try #1 at 22:41:37
75 http request GET https://registry.npm.taobao.org/jquery
76 verbose request uri https://registry.npm.taobao.org/v-distpicker
77 verbose request no auth needed
78 info attempt registry request try #1 at 22:41:37
79 http request GET https://registry.npm.taobao.org/v-distpicker
80 verbose request uri https://registry.npm.taobao.org/vue
81 verbose request no auth needed
82 info attempt registry request try #1 at 22:41:37
83 http request GET https://registry.npm.taobao.org/vue
84 verbose request uri https://registry.npm.taobao.org/vue-awesome-swiper
85 verbose request no auth needed
86 info attempt registry request try #1 at 22:41:37
87 http request GET https://registry.npm.taobao.org/vue-awesome-swiper
88 verbose request uri https://registry.npm.taobao.org/vue-date
89 verbose request no auth needed
90 info attempt registry request try #1 at 22:41:37
91 http request GET https://registry.npm.taobao.org/vue-date
92 verbose request uri https://registry.npm.taobao.org/vue-router
93 verbose request no auth needed
94 info attempt registry request try #1 at 22:41:37
95 http request GET https://registry.npm.taobao.org/vue-router
96 verbose request uri https://registry.npm.taobao.org/vuex
97 verbose request no auth needed
98 info attempt registry request try #1 at 22:41:37
99 http request GET https://registry.npm.taobao.org/vuex
100 info retry will retry, error on last attempt: Error: write EPROTO 101057795:error:04091068:rsa routines:INT_RSA_VERIFY:bad signature:openssl\crypto\rsa\rsa_sign.c:278:
100 info retry 101057795:error:1408D07B:SSL routines:ssl3_get_key_exchange:bad signature:openssl\ssl\s3_clnt.c:2010:
101 info retry will retry, error on last attempt: Error: write EPROTO 101057795:error:04091068:rsa routines:INT_RSA_VERIFY:bad signature:openssl\crypto\rsa\rsa_sign.c:278:
101 info retry 101057795:error:1408D07B:SSL routines:ssl3_get_key_exchange:bad signature:openssl\ssl\s3_clnt.c:2010:
102 info retry will retry, error on last attempt: Error: write EPROTO 101057795:error:04091068:rsa routines:INT_RSA_VERIFY:bad signature:openssl\crypto\rsa\rsa_sign.c:278:
102 info retry 101057795:error:1408D07B:SSL routines:ssl3_get_key_exchange:bad signature:openssl\ssl\s3_clnt.c:2010:
103 info retry will retry, error on last attempt: Error: write EPROTO 101057795:error:04091068:rsa routines:INT_RSA_VERIFY:bad signature:openssl\crypto\rsa\rsa_sign.c:278:
103 info retry 101057795:error:1408D07B:SSL routines:ssl3_get_key_exchange:bad signature:openssl\ssl\s3_clnt.c:2010:
104 info retry will retry, error on last attempt: Error: write EPROTO 101057795:error:04091068:rsa routines:INT_RSA_VERIFY:bad signature:openssl\crypto\rsa\rsa_sign.c:278:
104 info retry 101057795:error:1408D07B:SSL routines:ssl3_get_key_exchange:bad signature:openssl\ssl\s3_clnt.c:2010:
105 info retry will retry, error on last attempt: Error: write EPROTO 101057795:error:04091068:rsa routines:INT_RSA_VERIFY:bad signature:openssl\crypto\rsa\rsa_sign.c:278:
105 info retry 101057795:error:1408D07B:SSL routines:ssl3_get_key_exchange:bad signature:openssl\ssl\s3_clnt.c:2010:
106 info retry will retry, error on last attempt: Error: write EPROTO 101057795:error:04091068:rsa routines:INT_RSA_VERIFY:bad signature:openssl\crypto\rsa\rsa_sign.c:278:
106 info retry 101057795:error:1408D07B:SSL routines:ssl3_get_key_exchange:bad signature:openssl\ssl\s3_clnt.c:2010:
107 info retry will retry, error on last attempt: Error: write EPROTO 101057795:error:04091068:rsa routines:INT_RSA_VERIFY:bad signature:openssl\crypto\rsa\rsa_sign.c:278:
107 info retry 101057795:error:1408D07B:SSL routines:ssl3_get_key_exchange:bad signature:openssl\ssl\s3_clnt.c:2010:
108 info attempt registry request try #2 at 22:41:47
109 http request GET https://registry.npm.taobao.org/vue-router
110 info attempt registry request try #2 at 22:41:47
111 http request GET https://registry.npm.taobao.org/vue-date
112 info attempt registry request try #2 at 22:41:47
113 http request GET https://registry.npm.taobao.org/vue
114 info attempt registry request try #2 at 22:41:47
115 http request GET https://registry.npm.taobao.org/vue-awesome-swiper
116 info attempt registry request try #2 at 22:41:47
117 http request GET https://registry.npm.taobao.org/v-distpicker
118 info retry will retry, error on last attempt: Error: write EPROTO 101057795:error:04091068:rsa routines:INT_RSA_VERIFY:bad signature:openssl\crypto\rsa\rsa_sign.c:278:
118 info retry 101057795:error:1408D07B:SSL routines:ssl3_get_key_exchange:bad signature:openssl\ssl\s3_clnt.c:2010:
119 info retry will retry, error on last attempt: Error: write EPROTO 101057795:error:04091068:rsa routines:INT_RSA_VERIFY:bad signature:openssl\crypto\rsa\rsa_sign.c:278:
119 info retry 101057795:error:1408D07B:SSL routines:ssl3_get_key_exchange:bad signature:openssl\ssl\s3_clnt.c:2010:
120 info retry will retry, error on last attempt: Error: write EPROTO 101057795:error:04091068:rsa routines:INT_RSA_VERIFY:bad signature:openssl\crypto\rsa\rsa_sign.c:278:
120 info retry 101057795:error:1408D07B:SSL routines:ssl3_get_key_exchange:bad signature:openssl\ssl\s3_clnt.c:2010:
121 info retry will retry, error on last attempt: Error: write EPROTO 101057795:error:04091068:rsa routines:INT_RSA_VERIFY:bad signature:openssl\crypto\rsa\rsa_sign.c:278:
121 info retry 101057795:error:1408D07B:SSL routines:ssl3_get_key_exchange:bad signature:openssl\ssl\s3_clnt.c:2010:
122 info attempt registry request try #2 at 22:41:47
123 http request GET https://registry.npm.taobao.org/vuex
124 info retry will retry, error on last attempt: Error: write EPROTO 101057795:error:04091068:rsa routines:INT_RSA_VERIFY:bad signature:openssl\crypto\rsa\rsa_sign.c:278:
124 info retry 101057795:error:1408D07B:SSL routines:ssl3_get_key_exchange:bad signature:openssl\ssl\s3_clnt.c:2010:
125 info retry will retry, error on last attempt: Error: write EPROTO 101057795:error:04091068:rsa routines:INT_RSA_VERIFY:bad signature:openssl\crypto\rsa\rsa_sign.c:278:
125 info retry 101057795:error:1408D07B:SSL routines:ssl3_get_key_exchange:bad signature:openssl\ssl\s3_clnt.c:2010:
126 info attempt registry request try #2 at 22:41:47
127 http request GET https://registry.npm.taobao.org/jquery
128 info retry will retry, error on last attempt: Error: write EPROTO 101057795:error:04091068:rsa routines:INT_RSA_VERIFY:bad signature:openssl\crypto\rsa\rsa_sign.c:278:
128 info retry 101057795:error:1408D07B:SSL routines:ssl3_get_key_exchange:bad signature:openssl\ssl\s3_clnt.c:2010:
129 info attempt registry request try #2 at 22:41:47
130 http request GET https://registry.npm.taobao.org/axios
131 info retry will retry, error on last attempt: Error: write EPROTO 101057795:error:04091068:rsa routines:INT_RSA_VERIFY:bad signature:openssl\crypto\rsa\rsa_sign.c:278:
131 info retry 101057795:error:1408D07B:SSL routines:ssl3_get_key_exchange:bad signature:openssl\ssl\s3_clnt.c:2010:
132 info attempt registry request try #3 at 22:42:47
133 http request GET https://registry.npm.taobao.org/vue-router
134 info attempt registry request try #3 at 22:42:47
135 http request GET https://registry.npm.taobao.org/vue-date
136 info attempt registry request try #3 at 22:42:47
137 http request GET https://registry.npm.taobao.org/vue-awesome-swiper
138 info attempt registry request try #3 at 22:42:47
139 http request GET https://registry.npm.taobao.org/v-distpicker
140 silly fetchPackageMetaData Error: write EPROTO 101057795:error:04091068:rsa routines:INT_RSA_VERIFY:bad signature:openssl\crypto\rsa\rsa_sign.c:278:
140 silly fetchPackageMetaData 101057795:error:1408D07B:SSL routines:ssl3_get_key_exchange:bad signature:openssl\ssl\s3_clnt.c:2010:
140 silly fetchPackageMetaData
140 silly fetchPackageMetaData     at exports._errnoException (util.js:1026:11)
140 silly fetchPackageMetaData     at WriteWrap.afterWrite (net.js:799:14)
140 silly fetchPackageMetaData  error for vue-router@^2.5.3 { Error: write EPROTO 101057795:error:04091068:rsa routines:INT_RSA_VERIFY:bad signature:openssl\crypto\rsa\rsa_sign.c:278:
140 silly fetchPackageMetaData 101057795:error:1408D07B:SSL routines:ssl3_get_key_exchange:bad signature:openssl\ssl\s3_clnt.c:2010:
140 silly fetchPackageMetaData
140 silly fetchPackageMetaData     at exports._errnoException (util.js:1026:11)
140 silly fetchPackageMetaData     at WriteWrap.afterWrite (net.js:799:14) code: 'EPROTO', errno: 'EPROTO', syscall: 'write' }
141 silly fetchPackageMetaData Error: write EPROTO 101057795:error:04091068:rsa routines:INT_RSA_VERIFY:bad signature:openssl\crypto\rsa\rsa_sign.c:278:
141 silly fetchPackageMetaData 101057795:error:1408D07B:SSL routines:ssl3_get_key_exchange:bad signature:openssl\ssl\s3_clnt.c:2010:
141 silly fetchPackageMetaData
141 silly fetchPackageMetaData     at exports._errnoException (util.js:1026:11)
141 silly fetchPackageMetaData     at WriteWrap.afterWrite (net.js:799:14)
141 silly fetchPackageMetaData  error for vue-date@^1.1.7 { Error: write EPROTO 101057795:error:04091068:rsa routines:INT_RSA_VERIFY:bad signature:openssl\crypto\rsa\rsa_sign.c:278:
141 silly fetchPackageMetaData 101057795:error:1408D07B:SSL routines:ssl3_get_key_exchange:bad signature:openssl\ssl\s3_clnt.c:2010:
141 silly fetchPackageMetaData
141 silly fetchPackageMetaData     at exports._errnoException (util.js:1026:11)
141 silly fetchPackageMetaData     at WriteWrap.afterWrite (net.js:799:14) code: 'EPROTO', errno: 'EPROTO', syscall: 'write' }
142 silly fetchPackageMetaData Error: write EPROTO 101057795:error:04091068:rsa routines:INT_RSA_VERIFY:bad signature:openssl\crypto\rsa\rsa_sign.c:278:
142 silly fetchPackageMetaData 101057795:error:1408D07B:SSL routines:ssl3_get_key_exchange:bad signature:openssl\ssl\s3_clnt.c:2010:
142 silly fetchPackageMetaData
142 silly fetchPackageMetaData     at exports._errnoException (util.js:1026:11)
142 silly fetchPackageMetaData     at WriteWrap.afterWrite (net.js:799:14)
142 silly fetchPackageMetaData  error for v-distpicker@^1.0.0 { Error: write EPROTO 101057795:error:04091068:rsa routines:INT_RSA_VERIFY:bad signature:openssl\crypto\rsa\rsa_sign.c:278:
142 silly fetchPackageMetaData 101057795:error:1408D07B:SSL routines:ssl3_get_key_exchange:bad signature:openssl\ssl\s3_clnt.c:2010:
142 silly fetchPackageMetaData
142 silly fetchPackageMetaData     at exports._errnoException (util.js:1026:11)
142 silly fetchPackageMetaData     at WriteWrap.afterWrite (net.js:799:14) code: 'EPROTO', errno: 'EPROTO', syscall: 'write' }
143 info attempt registry request try #3 at 22:42:47
144 http request GET https://registry.npm.taobao.org/vuex
145 silly fetchPackageMetaData Error: write EPROTO 101057795:error:04091068:rsa routines:INT_RSA_VERIFY:bad signature:openssl\crypto\rsa\rsa_sign.c:278:
145 silly fetchPackageMetaData 101057795:error:1408D07B:SSL routines:ssl3_get_key_exchange:bad signature:openssl\ssl\s3_clnt.c:2010:
145 silly fetchPackageMetaData
145 silly fetchPackageMetaData     at exports._errnoException (util.js:1026:11)
145 silly fetchPackageMetaData     at WriteWrap.afterWrite (net.js:799:14)
145 silly fetchPackageMetaData  error for vuex@^2.3.1 { Error: write EPROTO 101057795:error:04091068:rsa routines:INT_RSA_VERIFY:bad signature:openssl\crypto\rsa\rsa_sign.c:278:
145 silly fetchPackageMetaData 101057795:error:1408D07B:SSL routines:ssl3_get_key_exchange:bad signature:openssl\ssl\s3_clnt.c:2010:
145 silly fetchPackageMetaData
145 silly fetchPackageMetaData     at exports._errnoException (util.js:1026:11)
145 silly fetchPackageMetaData     at WriteWrap.afterWrite (net.js:799:14) code: 'EPROTO', errno: 'EPROTO', syscall: 'write' }
146 info attempt registry request try #3 at 22:42:47
147 http request GET https://registry.npm.taobao.org/vue
148 silly fetchPackageMetaData Error: write EPROTO 101057795:error:04091068:rsa routines:INT_RSA_VERIFY:bad signature:openssl\crypto\rsa\rsa_sign.c:278:
148 silly fetchPackageMetaData 101057795:error:1408D07B:SSL routines:ssl3_get_key_exchange:bad signature:openssl\ssl\s3_clnt.c:2010:
148 silly fetchPackageMetaData
148 silly fetchPackageMetaData     at exports._errnoException (util.js:1026:11)
148 silly fetchPackageMetaData     at WriteWrap.afterWrite (net.js:799:14)
148 silly fetchPackageMetaData  error for vue@^2.3.3 { Error: write EPROTO 101057795:error:04091068:rsa routines:INT_RSA_VERIFY:bad signature:openssl\crypto\rsa\rsa_sign.c:278:
148 silly fetchPackageMetaData 101057795:error:1408D07B:SSL routines:ssl3_get_key_exchange:bad signature:openssl\ssl\s3_clnt.c:2010:
148 silly fetchPackageMetaData
148 silly fetchPackageMetaData     at exports._errnoException (util.js:1026:11)
148 silly fetchPackageMetaData     at WriteWrap.afterWrite (net.js:799:14) code: 'EPROTO', errno: 'EPROTO', syscall: 'write' }
149 silly fetchPackageMetaData Error: write EPROTO 101057795:error:04091068:rsa routines:INT_RSA_VERIFY:bad signature:openssl\crypto\rsa\rsa_sign.c:278:
149 silly fetchPackageMetaData 101057795:error:1408D07B:SSL routines:ssl3_get_key_exchange:bad signature:openssl\ssl\s3_clnt.c:2010:
149 silly fetchPackageMetaData
149 silly fetchPackageMetaData     at exports._errnoException (util.js:1026:11)
149 silly fetchPackageMetaData     at WriteWrap.afterWrite (net.js:799:14)
149 silly fetchPackageMetaData  error for vue-awesome-swiper@2.5.0 { Error: write EPROTO 101057795:error:04091068:rsa routines:INT_RSA_VERIFY:bad signature:openssl\crypto\rsa\rsa_sign.c:278:
149 silly fetchPackageMetaData 101057795:error:1408D07B:SSL routines:ssl3_get_key_exchange:bad signature:openssl\ssl\s3_clnt.c:2010:
149 silly fetchPackageMetaData
149 silly fetchPackageMetaData     at exports._errnoException (util.js:1026:11)
149 silly fetchPackageMetaData     at WriteWrap.afterWrite (net.js:799:14) code: 'EPROTO', errno: 'EPROTO', syscall: 'write' }
150 info attempt registry request try #3 at 22:42:47
151 http request GET https://registry.npm.taobao.org/jquery
152 silly fetchPackageMetaData Error: write EPROTO 101057795:error:04091068:rsa routines:INT_RSA_VERIFY:bad signature:openssl\crypto\rsa\rsa_sign.c:278:
152 silly fetchPackageMetaData 101057795:error:1408D07B:SSL routines:ssl3_get_key_exchange:bad signature:openssl\ssl\s3_clnt.c:2010:
152 silly fetchPackageMetaData
152 silly fetchPackageMetaData     at exports._errnoException (util.js:1026:11)
152 silly fetchPackageMetaData     at WriteWrap.afterWrite (net.js:799:14)
152 silly fetchPackageMetaData  error for jquery@^3.2.1 { Error: write EPROTO 101057795:error:04091068:rsa routines:INT_RSA_VERIFY:bad signature:openssl\crypto\rsa\rsa_sign.c:278:
152 silly fetchPackageMetaData 101057795:error:1408D07B:SSL routines:ssl3_get_key_exchange:bad signature:openssl\ssl\s3_clnt.c:2010:
152 silly fetchPackageMetaData
152 silly fetchPackageMetaData     at exports._errnoException (util.js:1026:11)
152 silly fetchPackageMetaData     at WriteWrap.afterWrite (net.js:799:14) code: 'EPROTO', errno: 'EPROTO', syscall: 'write' }
153 info attempt registry request try #3 at 22:42:47
154 http request GET https://registry.npm.taobao.org/axios
155 silly fetchPackageMetaData Error: write EPROTO 101057795:error:04091068:rsa routines:INT_RSA_VERIFY:bad signature:openssl\crypto\rsa\rsa_sign.c:278:
155 silly fetchPackageMetaData 101057795:error:1408D07B:SSL routines:ssl3_get_key_exchange:bad signature:openssl\ssl\s3_clnt.c:2010:
155 silly fetchPackageMetaData
155 silly fetchPackageMetaData     at exports._errnoException (util.js:1026:11)
155 silly fetchPackageMetaData     at WriteWrap.afterWrite (net.js:799:14)
155 silly fetchPackageMetaData  error for axios@^0.16.2 { Error: write EPROTO 101057795:error:04091068:rsa routines:INT_RSA_VERIFY:bad signature:openssl\crypto\rsa\rsa_sign.c:278:
155 silly fetchPackageMetaData 101057795:error:1408D07B:SSL routines:ssl3_get_key_exchange:bad signature:openssl\ssl\s3_clnt.c:2010:
155 silly fetchPackageMetaData
155 silly fetchPackageMetaData     at exports._errnoException (util.js:1026:11)
155 silly fetchPackageMetaData     at WriteWrap.afterWrite (net.js:799:14) code: 'EPROTO', errno: 'EPROTO', syscall: 'write' }
156 silly rollbackFailedOptional Starting
157 silly rollbackFailedOptional Finishing
158 silly runTopLevelLifecycles Finishing
159 silly install printInstalled
160 verbose stack Error: write EPROTO 101057795:error:04091068:rsa routines:INT_RSA_VERIFY:bad signature:openssl\crypto\rsa\rsa_sign.c:278:
160 verbose stack 101057795:error:1408D07B:SSL routines:ssl3_get_key_exchange:bad signature:openssl\ssl\s3_clnt.c:2010:
160 verbose stack
160 verbose stack     at exports._errnoException (util.js:1026:11)
160 verbose stack     at WriteWrap.afterWrite (net.js:799:14)
161 verbose cwd D:\Tech\vue+django框架\online-store\online-store
162 error Windows_NT 10.0.18362
163 error argv "D:\\Program Files\\nodejs\\node.exe" "D:\\Program Files\\nodejs\\node_modules\\npm\\bin\\npm-cli.js" "install" "--registry=https://registry.npm.taobao.org"
164 error node v6.9.1
165 error npm  v3.10.8
166 error code EPROTO
167 error errno EPROTO
168 error syscall write
169 error write EPROTO 101057795:error:04091068:rsa routines:INT_RSA_VERIFY:bad signature:openssl\crypto\rsa\rsa_sign.c:278:
169 error 101057795:error:1408D07B:SSL routines:ssl3_get_key_exchange:bad signature:openssl\ssl\s3_clnt.c:2010:
170 error If you need help, you may report this error at:
170 error     <https://github.com/npm/npm/issues>
171 verbose exit [ 1, true ]
